{
  "RSpec": {
    "coverage": {
      "/Users/daniel/Desktop/cookednuggets/app/models/user.rb": [
        1,
        null,
        null,
        1,
        1,
        1,
        1,
        1,
        1,
        1,
        null,
        null
      ],
      "/Users/daniel/Desktop/cookednuggets/app/models/application_record.rb": [
        1,
        1,
        null
      ],
      "/Users/daniel/Desktop/cookednuggets/app/helpers/application_helper.rb": [
        1,
        null
      ],
      "/Users/daniel/Desktop/cookednuggets/app/helpers/composition_helper.rb": [
        1,
        null
      ],
      "/Users/daniel/Desktop/cookednuggets/app/helpers/devise_helper.rb": [
        1,
        1,
        2,
        0,
        null,
        2,
        null,
        null
      ],
      "/Users/daniel/Desktop/cookednuggets/app/helpers/forums_helper.rb": [
        1,
        1,
        0,
        0,
        null,
        null,
        1,
        0,
        null,
        null
      ],
      "/Users/daniel/Desktop/cookednuggets/app/helpers/matches_helper.rb": [
        1,
        null
      ],
      "/Users/daniel/Desktop/cookednuggets/app/helpers/users_helper.rb": [
        1,
        null
      ],
      "/Users/daniel/Desktop/cookednuggets/app/controllers/forums/forum_posts_controller.rb": [
        1,
        1,
        1,
        null,
        null,
        1,
        2,
        2,
        2,
        2,
        1,
        null,
        1,
        null,
        2,
        null,
        null,
        1,
        2,
        2,
        2,
        1,
        null,
        1,
        null,
        2,
        null,
        null,
        1,
        1,
        4,
        0,
        0,
        null,
        4,
        4,
        4,
        null,
        null,
        null,
        1,
        4,
        null,
        null,
        null
      ],
      "/Users/daniel/Desktop/cookednuggets/app/controllers/application_controller.rb": [
        1,
        1,
        1,
        1,
        null,
        1,
        null,
        null,
        null,
        1,
        null,
        1,
        5,
        null,
        null
      ],
      "/Users/daniel/Desktop/cookednuggets/app/controllers/forums/forum_threads_controller.rb": [
        1,
        1,
        1,
        null,
        1,
        3,
        3,
        3,
        null,
        null,
        1,
        1,
        null,
        null,
        1,
        4,
        4,
        null,
        4,
        2,
        2,
        null,
        2,
        2,
        null,
        null,
        null,
        1,
        null,
        null,
        null,
        1,
        1,
        1,
        null,
        null,
        1,
        4,
        null,
        null
      ],
      "/Users/daniel/Desktop/cookednuggets/app/controllers/matches/matches_controller.rb": [
        1,
        1,
        1,
        null,
        null,
        null,
        1,
        1,
        null,
        null,
        null,
        null,
        1,
        0,
        0,
        0,
        null,
        null,
        null,
        1,
        0,
        null,
        null,
        null,
        1,
        null,
        null,
        null,
        1,
        0,
        0,
        null,
        0,
        0,
        0,
        null,
        0,
        0,
        null,
        null,
        null,
        null,
        null,
        1,
        0,
        0,
        0,
        null,
        0,
        0,
        null,
        null,
        null,
        null,
        null,
        1,
        0,
        0,
        0,
        null,
        null,
        1,
        null,
        1,
        0,
        null,
        null,
        null,
        1,
        0,
        null,
        null
      ],
      "/Users/daniel/Desktop/cookednuggets/app/controllers/users/registrations_controller.rb": [
        null,
        null,
        1,
        1,
        1,
        null,
        null,
        1,
        0,
        null,
        null,
        null,
        1,
        0,
        null,
        null,
        null,
        1,
        0,
        null,
        null,
        null,
        1,
        0,
        null,
        null,
        null,
        1,
        0,
        null,
        null,
        null,
        null,
        null,
        null,
        null,
        1,
        0,
        null,
        null,
        1,
        null,
        null,
        1,
        0,
        null,
        null,
        null,
        1,
        0,
        null,
        null,
        null,
        1,
        0,
        null,
        null,
        null,
        1,
        0,
        null,
        null
      ],
      "/Users/daniel/Desktop/cookednuggets/app/controllers/users/sessions_controller.rb": [
        null,
        null,
        1,
        1,
        null,
        null,
        1,
        0,
        null,
        null,
        null,
        1,
        0,
        null,
        null,
        null,
        1,
        0,
        null,
        null,
        1,
        null,
        null,
        1,
        0,
        null,
        null
      ],
      "/Users/daniel/Desktop/cookednuggets/app/models/forum_post.rb": [
        1,
        1,
        1,
        1,
        1,
        1,
        null
      ],
      "/Users/daniel/Desktop/cookednuggets/app/models/forum_thread.rb": [
        1,
        null,
        1,
        1,
        1,
        1,
        1,
        null,
        1,
        4,
        4,
        7,
        7,
        7,
        7,
        7,
        7,
        6,
        6,
        null,
        7,
        null,
        4,
        null,
        null,
        null,
        1,
        9,
        9,
        12,
        9,
        null
      ],
      "/Users/daniel/Desktop/cookednuggets/app/models/match.rb": [
        1,
        1,
        1,
        1,
        1,
        1,
        1,
        1,
        1,
        1,
        null
      ],
      "/Users/daniel/Desktop/cookednuggets/app/models/general.rb": [
        0,
        0,
        0,
        0,
        0,
        0,
        0,
        0,
        0,
        0,
        0,
        0,
        0,
        0,
        0,
        null,
        0,
        0,
        0,
        0,
        0,
        0,
        0,
        0,
        0
      ],
      "/Users/daniel/Desktop/cookednuggets/app/models/composition.rb": [
        0,
        0,
        0,
        0,
        0,
        0,
        0,
        0,
        null,
        0,
        0,
        0,
        0,
        0,
        0,
        0,
        null,
        0,
        0
      ],
      "/Users/daniel/Desktop/cookednuggets/app/models/fight.rb": [
        0,
        0,
        0,
        0,
        0,
        0,
        0,
        0,
        0,
        0,
        0,
        0,
        0,
        0,
        0,
        0,
        0,
        0,
        0,
        0,
        0,
        0,
        0,
        0,
        0,
        0,
        0,
        0,
        null,
        0,
        0,
        0,
        0,
        0,
        null,
        0,
        0,
        0,
        0,
        0,
        0
      ],
      "/Users/daniel/Desktop/cookednuggets/app/controllers/matches/compositions_controller.rb": [
        0,
        0,
        null,
        0,
        0,
        0,
        0,
        0,
        0,
        null,
        0,
        0,
        0,
        0,
        0
      ],
      "/Users/daniel/Desktop/cookednuggets/app/controllers/matches/fights_controller.rb": [
        0,
        0,
        null,
        0,
        0,
        0,
        0,
        0,
        0,
        null,
        0,
        0,
        0,
        0,
        0
      ],
      "/Users/daniel/Desktop/cookednuggets/app/controllers/matches/generals_controller.rb": [
        0,
        0,
        null,
        0,
        0,
        0,
        0,
        0,
        0,
        null,
        0,
        0,
        0,
        0,
        0
      ],
      "/Users/daniel/Desktop/cookednuggets/app/controllers/users/omniauth_callbacks_controller.rb": [
        null,
        null,
        0,
        null,
        null,
        null,
        null,
        null,
        null,
        null,
        null,
        null,
        null,
        null,
        null,
        null,
        null,
        null,
        null,
        null,
        null,
        null,
        null,
        null,
        null,
        null,
        null,
        null,
        null,
        0
      ],
      "/Users/daniel/Desktop/cookednuggets/app/controllers/users/passwords_controller.rb": [
        null,
        null,
        0,
        null,
        null,
        null,
        null,
        null,
        null,
        null,
        null,
        null,
        null,
        null,
        null,
        null,
        null,
        null,
        null,
        null,
        null,
        null,
        null,
        null,
        null,
        null,
        null,
        null,
        null,
        null,
        null,
        null,
        null,
        0
      ],
      "/Users/daniel/Desktop/cookednuggets/app/controllers/users/unlocks_controller.rb": [
        null,
        null,
        0,
        null,
        null,
        null,
        null,
        null,
        null,
        null,
        null,
        null,
        null,
        null,
        null,
        null,
        null,
        null,
        null,
        null,
        null,
        null,
        null,
        null,
        null,
        null,
        null,
        null,
        null,
        0
      ],
      "/Users/daniel/Desktop/cookednuggets/app/controllers/users/confirmations_controller.rb": [
        null,
        null,
        0,
        null,
        null,
        null,
        null,
        null,
        null,
        null,
        null,
        null,
        null,
        null,
        null,
        null,
        null,
        null,
        null,
        null,
        null,
        null,
        null,
        null,
        null,
        null,
        null,
        null,
        null,
        0
      ]
    },
    "timestamp": 1561078445
  },
  "Cucumber Features": {
    "coverage": {
      "/Users/daniel/Desktop/cookednuggets/app/models/user.rb": [
        1,
        null,
        null,
        1,
        1,
        1,
        1,
        1,
        1,
        1,
        null,
        null
      ],
      "/Users/daniel/Desktop/cookednuggets/app/models/application_record.rb": [
        1,
        1,
        null
      ],
      "/Users/daniel/Desktop/cookednuggets/app/controllers/application_controller.rb": [
        1,
        1,
        1,
        1,
        null,
        1,
        null,
        null,
        null,
        1,
        null,
        1,
        8,
        null,
        null
      ],
      "/Users/daniel/Desktop/cookednuggets/app/helpers/application_helper.rb": [
        1,
        null
      ],
      "/Users/daniel/Desktop/cookednuggets/app/helpers/composition_helper.rb": [
        1,
        null
      ],
      "/Users/daniel/Desktop/cookednuggets/app/helpers/devise_helper.rb": [
        1,
        1,
        4,
        0,
        null,
        4,
        null,
        null
      ],
      "/Users/daniel/Desktop/cookednuggets/app/helpers/forums_helper.rb": [
        1,
        1,
        0,
        0,
        null,
        null,
        1,
        0,
        null,
        null
      ],
      "/Users/daniel/Desktop/cookednuggets/app/helpers/matches_helper.rb": [
        1,
        null
      ],
      "/Users/daniel/Desktop/cookednuggets/app/helpers/users_helper.rb": [
        1,
        null
      ],
      "/Users/daniel/Desktop/cookednuggets/app/controllers/matches/matches_controller.rb": [
        1,
        1,
        1,
        null,
        null,
        null,
        1,
        8,
        null,
        null,
        null,
        null,
        1,
        6,
        6,
        6,
        null,
        null,
        null,
        1,
        1,
        null,
        null,
        null,
        1,
        null,
        null,
        null,
        1,
        2,
        2,
        null,
        2,
        1,
        1,
        null,
        1,
        1,
        null,
        null,
        null,
        null,
        null,
        1,
        2,
        1,
        1,
        null,
        1,
        1,
        null,
        null,
        null,
        null,
        null,
        1,
        1,
        1,
        1,
        null,
        null,
        1,
        null,
        1,
        10,
        null,
        null,
        null,
        1,
        4,
        null,
        null
      ],
      "/Users/daniel/Desktop/cookednuggets/app/models/match.rb": [
        1,
        1,
        1,
        1,
        1,
        1,
        1,
        1,
        1,
        1,
        null
      ],
      "/Users/daniel/Desktop/cookednuggets/app/models/composition.rb": [
        1,
        1,
        1,
        1,
        1,
        1,
        1,
        1,
        null,
        1,
        1,
        20,
        19,
        19,
        19,
        null,
        null,
        null,
        null
      ],
      "/Users/daniel/Desktop/cookednuggets/app/models/general.rb": [
        1,
        1,
        1,
        1,
        1,
        1,
        1,
        1,
        1,
        1,
        1,
        1,
        1,
        1,
        1,
        null,
        1,
        1,
        23,
        22,
        22,
        22,
        null,
        null,
        null
      ],
      "/Users/daniel/Desktop/cookednuggets/app/models/fight.rb": [
        1,
        1,
        1,
        1,
        1,
        1,
        1,
        1,
        1,
        1,
        1,
        1,
        1,
        1,
        1,
        1,
        1,
        1,
        1,
        1,
        1,
        1,
        1,
        1,
        1,
        1,
        1,
        1,
        null,
        1,
        1,
        20,
        19,
        19,
        null,
        19,
        null,
        null,
        null,
        null,
        null
      ],
      "/Users/daniel/Desktop/cookednuggets/app/controllers/matches/compositions_controller.rb": [
        1,
        1,
        null,
        1,
        1,
        1,
        1,
        1,
        null,
        null,
        1,
        1,
        1,
        null,
        null
      ],
      "/Users/daniel/Desktop/cookednuggets/app/controllers/matches/generals_controller.rb": [
        1,
        1,
        null,
        1,
        1,
        1,
        1,
        1,
        null,
        null,
        1,
        1,
        1,
        null,
        null
      ],
      "/Users/daniel/Desktop/cookednuggets/app/controllers/matches/fights_controller.rb": [
        1,
        1,
        null,
        1,
        1,
        1,
        1,
        1,
        null,
        null,
        1,
        1,
        1,
        null,
        null
      ],
      "/Users/daniel/Desktop/cookednuggets/app/models/forum_post.rb": [
        0,
        0,
        0,
        0,
        0,
        0,
        0
      ],
      "/Users/daniel/Desktop/cookednuggets/app/models/forum_thread.rb": [
        0,
        null,
        0,
        0,
        0,
        0,
        0,
        null,
        0,
        0,
        0,
        0,
        0,
        0,
        0,
        0,
        0,
        0,
        0,
        0,
        0,
        0,
        0,
        0,
        0,
        null,
        0,
        0,
        0,
        0,
        0,
        0
      ],
      "/Users/daniel/Desktop/cookednuggets/app/controllers/forums/forum_posts_controller.rb": [
        0,
        0,
        0,
        null,
        null,
        0,
        0,
        0,
        0,
        0,
        0,
        0,
        0,
        0,
        0,
        0,
        null,
        0,
        0,
        0,
        0,
        0,
        0,
        0,
        0,
        0,
        0,
        null,
        0,
        0,
        0,
        0,
        0,
        0,
        0,
        0,
        0,
        0,
        0,
        null,
        0,
        0,
        0,
        null,
        0
      ],
      "/Users/daniel/Desktop/cookednuggets/app/controllers/forums/forum_threads_controller.rb": [
        0,
        0,
        0,
        null,
        0,
        0,
        0,
        0,
        0,
        null,
        0,
        0,
        0,
        null,
        0,
        0,
        0,
        null,
        0,
        0,
        0,
        0,
        0,
        0,
        0,
        0,
        null,
        0,
        null,
        0,
        null,
        0,
        0,
        0,
        0,
        null,
        0,
        0,
        0,
        0
      ],
      "/Users/daniel/Desktop/cookednuggets/app/controllers/users/omniauth_callbacks_controller.rb": [
        null,
        null,
        0,
        null,
        null,
        null,
        null,
        null,
        null,
        null,
        null,
        null,
        null,
        null,
        null,
        null,
        null,
        null,
        null,
        null,
        null,
        null,
        null,
        null,
        null,
        null,
        null,
        null,
        null,
        0
      ],
      "/Users/daniel/Desktop/cookednuggets/app/controllers/users/passwords_controller.rb": [
        null,
        null,
        0,
        null,
        null,
        null,
        null,
        null,
        null,
        null,
        null,
        null,
        null,
        null,
        null,
        null,
        null,
        null,
        null,
        null,
        null,
        null,
        null,
        null,
        null,
        null,
        null,
        null,
        null,
        null,
        null,
        null,
        null,
        0
      ],
      "/Users/daniel/Desktop/cookednuggets/app/controllers/users/sessions_controller.rb": [
        null,
        null,
        0,
        0,
        null,
        null,
        0,
        0,
        0,
        null,
        null,
        0,
        0,
        0,
        null,
        null,
        0,
        0,
        0,
        null,
        0,
        null,
        null,
        0,
        0,
        0,
        0
      ],
      "/Users/daniel/Desktop/cookednuggets/app/controllers/users/unlocks_controller.rb": [
        null,
        null,
        0,
        null,
        null,
        null,
        null,
        null,
        null,
        null,
        null,
        null,
        null,
        null,
        null,
        null,
        null,
        null,
        null,
        null,
        null,
        null,
        null,
        null,
        null,
        null,
        null,
        null,
        null,
        0
      ],
      "/Users/daniel/Desktop/cookednuggets/app/controllers/users/confirmations_controller.rb": [
        null,
        null,
        0,
        null,
        null,
        null,
        null,
        null,
        null,
        null,
        null,
        null,
        null,
        null,
        null,
        null,
        null,
        null,
        null,
        null,
        null,
        null,
        null,
        null,
        null,
        null,
        null,
        null,
        null,
        0
      ],
      "/Users/daniel/Desktop/cookednuggets/app/controllers/users/registrations_controller.rb": [
        null,
        null,
        0,
        0,
        0,
        null,
        null,
        0,
        0,
        0,
        null,
        null,
        0,
        0,
        0,
        null,
        null,
        0,
        0,
        0,
        null,
        null,
        0,
        0,
        0,
        null,
        null,
        0,
        0,
        0,
        null,
        null,
        null,
        null,
        null,
        null,
        0,
        0,
        0,
        null,
        0,
        null,
        null,
        0,
        0,
        0,
        null,
        null,
        0,
        0,
        0,
        null,
        null,
        0,
        0,
        0,
        null,
        null,
        0,
        0,
        0,
        0
      ]
    },
    "timestamp": 1561078438
  },
  "features": {
    "coverage": {
      "/Users/daniel/Desktop/cookednuggets/app/controllers/sessions_controller.rb": [
        1,
        1,
        null,
        null,
        1,
        0,
        0,
        0,
        0,
        0,
        null,
        0,
        0,
        null,
        null,
        null,
        1,
        1,
        1,
        null,
        null
      ],
      "/Users/daniel/Desktop/cookednuggets/app/controllers/application_controller.rb": [
        1,
        1,
        1,
        null,
        1,
        null,
        null,
        null
      ],
      "/Users/daniel/Desktop/cookednuggets/app/helpers/application_helper.rb": [
        1,
        null
      ],
      "/Users/daniel/Desktop/cookednuggets/app/helpers/sessions_helper.rb": [
        1,
        null,
        1,
        0,
        null,
        null,
        null,
        1,
        3,
        0,
        null,
        null,
        null,
        null,
        1,
        3,
        null,
        null,
        1,
        1,
        1,
        null,
        null
      ],
      "/Users/daniel/Desktop/cookednuggets/app/helpers/users_helper.rb": [
        1,
        null
      ],
      "/Users/daniel/Desktop/cookednuggets/app/controllers/users_controller.rb": [
        1,
        null,
        1,
        0,
        null,
        null,
        1,
        0,
        null,
        null,
        1,
        1,
        null,
        null,
        1,
        0,
        0,
        0,
        0,
        0,
        null,
        0,
        0,
        null,
        null,
        null,
        1,
        1,
        0,
        null,
        null
      ],
      "/Users/daniel/Desktop/cookednuggets/app/models/user.rb": [
        1,
        1,
        1,
        1,
        1,
        1,
        1,
        1,
        1,
        1,
        null
      ],
      "/Users/daniel/Desktop/cookednuggets/app/mailers/application_mailer.rb": [
        0,
        0,
        0,
        0
      ],
      "/Users/daniel/Desktop/cookednuggets/app/models/match.rb": [
        0,
        0,
        0,
        0,
        0,
        0,
        0
      ],
      "/Users/daniel/Desktop/cookednuggets/app/models/application_record.rb": [
        0,
        0,
        0
      ],
      "/Users/daniel/Desktop/cookednuggets/app/jobs/application_job.rb": [
        0,
        0
      ],
      "/Users/daniel/Desktop/cookednuggets/app/channels/application_cable/connection.rb": [
        0,
        0,
        0,
        0
      ],
      "/Users/daniel/Desktop/cookednuggets/app/channels/application_cable/channel.rb": [
        0,
        0,
        0,
        0
      ]
    },
    "timestamp": 1559543029
  }
}
